[PREINITIALIZATION][SERVER][INFO] Current loaders after merging: [[preinit]]
[PREINITIALIZATION][SERVER][INFO] Loading scripts for loader with names [preinit]
[PREINITIALIZATION][SERVER][INFO] [preinit | SIDE_SERVER]: Skipping file {[0:crafttweaker]: oredict.zs} as we are currently loading with a different loader
[PREINITIALIZATION][SERVER][INFO] [preinit | SIDE_SERVER]: Skipping file {[0:crafttweaker]: recipes.zs} as we are currently loading with a different loader
[PREINITIALIZATION][SERVER][INFO] [preinit | SIDE_SERVER]: Skipping file {[0:crafttweaker]: remove.zs} as we are currently loading with a different loader
[PREINITIALIZATION][SERVER][INFO] Completed script loading in: 2ms
[INITIALIZATION][SERVER][INFO] CraftTweaker: Building registry
[INITIALIZATION][SERVER][INFO] CraftTweaker: Successfully built item registry
[INITIALIZATION][SERVER][INFO] Current loaders after merging: [[preinit], [recipeevent | crafttweaker]]
[INITIALIZATION][SERVER][INFO] Loading scripts for loader with names [crafttweaker | recipeevent]
[INITIALIZATION][SERVER][INFO] [crafttweaker | SIDE_SERVER]: Loading Script: {[0:crafttweaker]: oredict.zs}
[INITIALIZATION][SERVER][INFO] Adding Block of Manasteel to ore dictionary entry blockManasteel
[INITIALIZATION][SERVER][INFO] Adding Block of Terrasteel to ore dictionary entry blockTerrasteel
[INITIALIZATION][SERVER][INFO] Adding Block of Elementium to ore dictionary entry blockElvenElementium
[INITIALIZATION][SERVER][INFO] [crafttweaker | SIDE_SERVER]: Loading Script: {[0:crafttweaker]: recipes.zs}
[INITIALIZATION][SERVER][INFO] Adding Extreme recipe avaritia:craft_tweaker_shaped_creative for Creative Vending Upgrade
[INITIALIZATION][SERVER][INFO] Adding VACUUM_FREEZER_RECIPE recipe for Ember Crystal
[INITIALIZATION][SERVER][INFO] Adding 1 MechanicalSqueezer Recipe(s) for MechanicalSqueezer recipe: Input: IngredientRecipeComponent(ingredient=org.cyclops.cyclopscore.recipe.xml.DefaultItemTypeHandler$IngredientNBT@18d8a9c, chance=1.0); Output: IngredientsAndFluidStackRecipeComponent(ingredient=IngredientsRecipeComponent(ingredients=[3xitem.draconicevolution:chaos_shard@3], chance=0.0), fluidStack=null, chance=0.0); Properties: DurationRecipeProperties(duration=100); 
[INITIALIZATION][SERVER][INFO] [crafttweaker | SIDE_SERVER]: Loading Script: {[0:crafttweaker]: remove.zs}
[INITIALIZATION][SERVER][INFO] Altering Alloy Recipe(s) for <liquid:invar>
[INITIALIZATION][SERVER][INFO] Altering Alloy Recipe(s) for <liquid:constantan>
[INITIALIZATION][SERVER][INFO] Altering Alloy Recipe(s) for <liquid:signalum>
[INITIALIZATION][SERVER][INFO] Altering Alloy Recipe(s) for <liquid:lumium>
[INITIALIZATION][SERVER][INFO] Altering Alloy Recipe(s) for <liquid:enderium>
[INITIALIZATION][SERVER][INFO] Altering Alloy Recipe(s) for <liquid:knightslime>
[INITIALIZATION][SERVER][INFO] Altering Alloy Recipe(s) for <liquid:manyullyn>
[INITIALIZATION][SERVER][INFO] Altering Alloy Recipe(s) for <liquid:bronze>
[INITIALIZATION][SERVER][INFO] Altering Alloy Recipe(s) for <liquid:steel>
[INITIALIZATION][SERVER][INFO] Altering Alloy Recipe(s) for <liquid:brass>
[INITIALIZATION][SERVER][INFO] Altering Alloy Recipe(s) for <liquid:electrum>
[INITIALIZATION][SERVER][INFO] Altering Alloy Recipe(s) for <liquid:alubrass>
[INITIALIZATION][SERVER][INFO] Altering Alloy Recipe(s) for <liquid:cupronickel>
[INITIALIZATION][SERVER][INFO] Altering Alloy Recipe(s) for <liquid:mithril>
[INITIALIZATION][SERVER][INFO] Altering Alloy Recipe(s) for <liquid:aquarium>
[INITIALIZATION][SERVER][INFO] Altering Alloy Recipe(s) for <liquid:conductive_iron>
[INITIALIZATION][SERVER][INFO] Altering Alloy Recipe(s) for <liquid:pulsating_iron>
[INITIALIZATION][SERVER][INFO] Altering Alloy Recipe(s) for <liquid:electrical_steel>
[INITIALIZATION][SERVER][INFO] Altering Alloy Recipe(s) for <liquid:dark_steel>
[INITIALIZATION][SERVER][INFO] Altering Alloy Recipe(s) for <liquid:redstone_alloy>
[INITIALIZATION][SERVER][INFO] Altering Alloy Recipe(s) for <liquid:energetic_alloy>
[INITIALIZATION][SERVER][INFO] Altering Alloy Recipe(s) for <liquid:vibrant_alloy>
[INITIALIZATION][SERVER][INFO] Altering Alloy Recipe(s) for <liquid:soularium>
[INITIALIZATION][SERVER][INFO] Altering Alloy Recipe(s) for <liquid:alumite>
[INITIALIZATION][SERVER][INFO] Altering Alloy Recipe(s) for <liquid:mirion>
[INITIALIZATION][SERVER][INFO] Altering Alloy Recipe(s) for <liquid:osgloglas>
[INITIALIZATION][SERVER][INFO] Altering Alloy Recipe(s) for <liquid:osmiridium>
[INITIALIZATION][SERVER][INFO] Altering Alloy Recipe(s) for <liquid:pewter>
[INITIALIZATION][SERVER][INFO] Altering Alloy Recipe(s) for <liquid:pigiron>
[INITIALIZATION][SERVER][INFO] Altering Alloy Recipe(s) for <liquid:electrumflux>
[INITIALIZATION][SERVER][INFO] Removing CENTRIFUGE_RECIPE recipe for Redstone
[INITIALIZATION][SERVER][INFO] Removing INDUSTRIAL_ELECTROLYZER_RECIPE recipe for Chrome Dust
[INITIALIZATION][SERVER][INFO] Removing Mixer recipes with output: net.minecraftforge.fluids.FluidStack@1d5a6ed5
[INITIALIZATION][SERVER][INFO] Removing Mixer recipes with output: net.minecraftforge.fluids.FluidStack@44d6862
[INITIALIZATION][SERVER][INFO] Removing Mixer recipes with output: net.minecraftforge.fluids.FluidStack@225778f5
[INITIALIZATION][SERVER][INFO] Removing 1 MechanicalDryingBasin Recipe(s) for MechanicalDryingBasin recipe: Input: IngredientAndFluidStackRecipeComponent(ingredient=net.minecraft.item.crafting.Ingredient@23304a, fluidStack=null, chance=0.0); Output: IngredientAndFluidStackRecipeComponent(ingredient=net.minecraft.item.crafting.Ingredient@d7b434, fluidStack=null, chance=0.0); Properties: DurationRecipeProperties(duration=10); 
[INITIALIZATION][SERVER][INFO] Removing 1 MechanicalDryingBasin Recipe(s) for MechanicalDryingBasin recipe: Input: IngredientAndFluidStackRecipeComponent(ingredient=net.minecraft.item.crafting.Ingredient@1368ec2, fluidStack=null, chance=0.0); Output: IngredientAndFluidStackRecipeComponent(ingredient=net.minecraft.item.crafting.Ingredient@106c383, fluidStack=null, chance=0.0); Properties: DurationRecipeProperties(duration=10); 
[INITIALIZATION][SERVER][INFO] Removing 1 MechanicalDryingBasin Recipe(s) for MechanicalDryingBasin recipe: Input: IngredientAndFluidStackRecipeComponent(ingredient=net.minecraft.item.crafting.Ingredient$1@4e60f5, fluidStack=net.minecraftforge.fluids.FluidStack@2931aa7e, chance=0.0); Output: IngredientAndFluidStackRecipeComponent(ingredient=net.minecraft.item.crafting.Ingredient@1c5fe93, fluidStack=null, chance=0.0); Properties: DurationRecipeProperties(duration=100); 
[INITIALIZATION][SERVER][INFO] Removing 1 DryingBasin Recipe(s) for DryingBasin recipe: Input: IngredientAndFluidStackRecipeComponent(ingredient=net.minecraft.item.crafting.Ingredient@28f821, fluidStack=null, chance=0.0); Output: IngredientAndFluidStackRecipeComponent(ingredient=net.minecraft.item.crafting.Ingredient@10702f, fluidStack=null, chance=0.0); Properties: DurationRecipeProperties(duration=100); 
[INITIALIZATION][SERVER][INFO] Removing ArcFurnace Recipe for Constantan Ingot
[INITIALIZATION][SERVER][INFO] Removing ArcFurnace Recipe for Electrum Ingot
[INITIALIZATION][SERVER][INFO] Removing ArcFurnace Recipe for Steel Ingot
[INITIALIZATION][SERVER][INFO] Removing ArcFurnace Recipe for Invar Ingot
[INITIALIZATION][SERVER][INFO] Removing ArcFurnace Recipe for Bronze Ingot
[INITIALIZATION][SERVER][INFO] Removing ArcFurnace Recipe for Brass Ingot
[INITIALIZATION][SERVER][INFO] Removing ArcFurnace Recipe for Manyullyn Ingot
[INITIALIZATION][SERVER][INFO] Removing ArcFurnace Recipe for Aluminum Brass Ingot
[INITIALIZATION][SERVER][INFO] Removing ArcFurnace Recipe for Electrical Steel Ingot
[INITIALIZATION][SERVER][INFO] Removing ArcFurnace Recipe for Energetic Alloy Ingot
[INITIALIZATION][SERVER][INFO] Removing ArcFurnace Recipe for Conductive Iron Ingot
[INITIALIZATION][SERVER][INFO] Removing ArcFurnace Recipe for Dark Steel Ingot
[INITIALIZATION][SERVER][INFO] Removing ArcFurnace Recipe for Soularium Ingot
[INITIALIZATION][SERVER][INFO] Removing Squeezer Recipes for ItemStack HOP Graphite Dust
[INITIALIZATION][SERVER][INFO] Completed script loading in: 459ms
[POSTINITIALIZATION][SERVER][INFO] Removing recipe with name "immersiveengineering:material/gunpowder0"
[POSTINITIALIZATION][SERVER][INFO] Removing recipe with name "immersiveengineering:material/gunpowder1"
[POSTINITIALIZATION][SERVER][INFO] Removing recipe with name "thermalfoundation:gunpowder"
[POSTINITIALIZATION][SERVER][INFO] Removing recipe with name "thermalfoundation:gunpowder_1"
[POSTINITIALIZATION][SERVER][INFO] Removing recipe with name "refinedstorage:quartz_enriched_iron"
[POSTINITIALIZATION][SERVER][INFO] Removing recipe with name "minecraft:light_gray_dye_from_ink_bonemeal"
[POSTINITIALIZATION][SERVER][INFO] Removing recipe with name "minecraft:light_gray_dye_from_gray_bonemeal"
[POSTINITIALIZATION][SERVER][INFO] Removing recipe with name "minecraft:pink_dye_from_red_bonemeal"
[POSTINITIALIZATION][SERVER][INFO] Removing recipe with name "minecraft:light_blue_dye_from_lapis_bonemeal"
[POSTINITIALIZATION][SERVER][INFO] Removing recipe with name "minecraft:magenta_dye_from_purple_pink"
[POSTINITIALIZATION][SERVER][INFO] Removing recipe with name "minecraft:orange_dye_from_red_yellow"
[POSTINITIALIZATION][SERVER][INFO] Removing recipe with name "minecraft:red_dye_from_bettroot"
[POSTINITIALIZATION][SERVER][INFO] Removing recipe with name "minecraft:magenta_dye_from_lapis_red_pink"
[POSTINITIALIZATION][SERVER][INFO] Removing recipe with name "minecraft:magenta_dye_from_purple_and_pink"
[POSTINITIALIZATION][SERVER][INFO] Removing recipe with name "minecraft:magenta_dye_from_lapis_ink_bonemeal"
[POSTINITIALIZATION][SERVER][INFO] Removing recipe with name "redstonearsenal:gem_crystal_flux"
[POSTINITIALIZATION][SERVER][INFO] Adding shaped recipe for Water Bucket with name ct_shaped-666915226
[POSTINITIALIZATION][SERVER][INFO] Adding shaped recipe for Slime Ball with name ct_shaped-358634588
[POSTINITIALIZATION][SERVER][INFO] Adding shaped recipe for Slime Ball with name ct_shaped201449541
[POSTINITIALIZATION][SERVER][INFO] Adding shaped recipe for Slime Ball with name ct_shaped-655827171
[POSTINITIALIZATION][SERVER][INFO] Adding shaped recipe for Broken Spawner with name ct_shaped-1897920872
[POSTINITIALIZATION][SERVER][INFO] Adding shaped recipe for Broken Spawner with name ct_shaped829518290
[POSTINITIALIZATION][SERVER][INFO] Adding shaped recipe for Broken Spawner with name ct_shaped-1047697435
[POSTINITIALIZATION][SERVER][INFO] Adding shaped recipe for Broken Spawner with name ct_shaped1267512680
[POSTINITIALIZATION][SERVER][INFO] Adding shaped recipe for Broken Spawner with name ct_shaped-134606139
[POSTINITIALIZATION][SERVER][INFO] Adding shaped recipe for Broken Spawner with name ct_shaped1057760382
[POSTINITIALIZATION][SERVER][INFO] Adding shaped recipe for Broken Spawner with name ct_shaped-1766375639
[POSTINITIALIZATION][SERVER][INFO] Adding shaped recipe for Broken Spawner with name ct_shaped-1236349075
[POSTINITIALIZATION][SERVER][INFO] Adding shaped recipe for Broken Spawner with name ct_shaped1017179594
[POSTINITIALIZATION][SERVER][INFO] Adding shaped recipe for Broken Spawner with name ct_shaped-859877039
[POSTINITIALIZATION][SERVER][INFO] Adding shaped recipe for Broken Spawner with name ct_shaped-149867887
[POSTINITIALIZATION][SERVER][INFO] Adding shaped recipe for Broken Spawner with name ct_shaped-1858774825
[POSTINITIALIZATION][SERVER][INFO] Adding shaped recipe for Broken Spawner with name ct_shaped1129164625
[POSTINITIALIZATION][SERVER][INFO] Adding shaped recipe for Broken Spawner with name ct_shaped-315024735
[POSTINITIALIZATION][SERVER][INFO] Adding shaped recipe for Broken Spawner with name ct_shaped335646966
[POSTINITIALIZATION][SERVER][INFO] Adding shaped recipe for Broken Spawner with name ct_shaped1967718322
[POSTINITIALIZATION][SERVER][INFO] Adding shaped recipe for Broken Spawner with name ct_shaped-1933896629
[POSTINITIALIZATION][SERVER][INFO] Adding shaped recipe for Broken Spawner with name ct_shaped-1158774105
[POSTINITIALIZATION][SERVER][INFO] Adding shaped recipe for Broken Spawner with name ct_shaped-668261819
[POSTINITIALIZATION][SERVER][INFO] Adding shaped recipe for Linking Tool with name ct_shaped-452269482
[POSTINITIALIZATION][SERVER][INFO] Adding shaped recipe for Sprinkler with name ct_shaped564987560
[POSTINITIALIZATION][SERVER][INFO] Adding shaped recipe for Silverwood Sapling with name ct_shaped609308620
[POSTINITIALIZATION][SERVER][INFO] Adding shaped recipe for Greatwood Sapling with name ct_shaped-1343874663
[POSTINITIALIZATION][SERVER][INFO] Adding shaped recipe for Aer Vis Crystal with name ct_shaped-1365201216
[POSTINITIALIZATION][SERVER][INFO] Adding shaped recipe for Terra Vis Crystal with name ct_shaped-116177728
[POSTINITIALIZATION][SERVER][INFO] Adding shaped recipe for Ignis Vis Crystal with name ct_shaped76887116
[POSTINITIALIZATION][SERVER][INFO] Adding shaped recipe for Aqua Vis Crystal with name ct_shaped988739632
[POSTINITIALIZATION][SERVER][INFO] Adding shaped recipe for Ordo Vis Crystal with name ct_shaped-1555789026
[POSTINITIALIZATION][SERVER][INFO] Adding shaped recipe for Perditio Vis Crystal with name ct_shaped1417929556
[POSTINITIALIZATION][SERVER][INFO] Adding shaped recipe for Neutron Reflector with name ct_shaped1061960779
[POSTINITIALIZATION][SERVER][INFO] Removing furnace recipes for: <refinedstorage:silicon>
[POSTINITIALIZATION][SERVER][INFO] 1 recipes removed for: <refinedstorage:silicon>
[POSTINITIALIZATION][SERVER][INFO] Removing furnace recipes for: <bigreactors:ingotmetals:2>
[POSTINITIALIZATION][SERVER][INFO] 3 recipes removed for: <bigreactors:ingotmetals:2>
[POSTINITIALIZATION][SERVER][INFO] Removing furnace recipes for: <appliedenergistics2:material:5>
[POSTINITIALIZATION][SERVER][INFO] 4 recipes removed for: <appliedenergistics2:material:5>
[POSTINITIALIZATION][SERVER][INFO] Adding an agglomeration recipe: AgglomerationRecipe{recipeStacks=[1xitem.brick_caminite@0, 1xitem.immersiveengineering.material@17], recipeOreKeys=[], recipeOutput=1xitem.archaic_brick@0, manaCost=500000, color1=16032000, color2=16032000, multiblockCenter=botania:altgrass[variant=scorched], multiblockEdge=botania:altgrass[variant=scorched], multiblockCorner=tconstruct:firewood[type=firewood], multiblockCenterReplace=null, multiblockEdgeReplace=null, multiblockCornerReplace=null, totalInputs=2}
[POSTINITIALIZATION][SERVER][INFO] Removing an agglomeration recipe: AgglomerationRecipe{recipeStacks=[1xitem.manaResource@2, 1xitem.manaResource@0, 1xitem.manaResource@1], recipeOreKeys=[], recipeOutput=1xitem.manaResource@4, manaCost=500000, color1=255, color2=65280, multiblockCenter=botania:livingrock[variant=default], multiblockEdge=minecraft:lapis_block, multiblockCorner=botania:livingrock[variant=default], multiblockCenterReplace=null, multiblockEdgeReplace=null, multiblockCornerReplace=null, totalInputs=3}
[POSTINITIALIZATION][SERVER][INFO] Removing 0 Mekanism Crusher Recipe(s) for Unknown item
[POSTINITIALIZATION][SERVER][INFO] Removing 0 Mekanism Metallurgic Infuser Recipe(s) for Unknown item
[POSTINITIALIZATION][SERVER][INFO] Removing 0 Mekanism Metallurgic Infuser Recipe(s) for Unknown item
[POSTINITIALIZATION][SERVER][INFO] Removing 0 Mekanism Metallurgic Infuser Recipe(s) for Unknown item
[POSTINITIALIZATION][SERVER][INFO] Removing 0 Mekanism Metallurgic Infuser Recipe(s) for Unknown item
[POSTINITIALIZATION][SERVER][INFO] Removing 0 Mekanism Metallurgic Infuser Recipe(s) for Unknown item
[POSTINITIALIZATION][SERVER][INFO] Removing 0 Mekanism Crusher Recipe(s) for Unknown item
[POSTINITIALIZATION][SERVER][INFO] Removing 0 Mekanism Enrichment Chamber Recipe(s) for Unknown item
[AVAILABLE][SERVER][INFO] Attempting to remove apothecary recipe for [<botania:specialflower>.withTag({type: "orechid"})]
[AVAILABLE][SERVER][INFO] Removing 1 Botania Petal Recipe(s) for <botania:specialflower>.withTag({type: "orechid"})
[AVAILABLE][SERVER][INFO] Attempting to remove apothecary recipe for [<botania:specialflower>.withTag({type: "orechidIgnem"})]
[AVAILABLE][SERVER][INFO] Removing 1 Botania Petal Recipe(s) for <botania:specialflower>.withTag({type: "orechidIgnem"})
[AVAILABLE][SERVER][INFO] Attempting to remove mana infusion recipe for [<botania:manaresource>]
[AVAILABLE][SERVER][INFO] Removing 1 Botania Mana Infusion Recipe(s) for <botania:manaresource>
[AVAILABLE][SERVER][INFO] Attempting to remove Elven Trade recipe for [<botania:manaresource:7>]
[AVAILABLE][SERVER][INFO] Removing 1 Botania Eleven Trade Recipe(s) for [<botania:manaresource:7>]
[AVAILABLE][SERVER][INFO] Attempting to remove mana infusion recipe for [<minecraft:redstone>]
[AVAILABLE][SERVER][INFO] Removing 2 Botania Mana Infusion Recipe(s) for <minecraft:redstone>, <minecraft:redstone> * 2
[AVAILABLE][SERVER][INFO] Attempting to remove mana infusion recipe for [<minecraft:leather>]
[AVAILABLE][SERVER][INFO] Removing 1 Botania Mana Infusion Recipe(s) for <minecraft:leather>
[AVAILABLE][SERVER][INFO] Attempting to remove mana infusion recipe for [<minecraft:glowstone_dust>]
[AVAILABLE][SERVER][INFO] Removing 3 Botania Mana Infusion Recipe(s) for <minecraft:glowstone_dust> * 4, <minecraft:glowstone_dust>, <minecraft:glowstone_dust> * 2
[AVAILABLE][SERVER][INFO] Attempting to remove mana infusion recipe for [<minecraft:gunpowder>]
[AVAILABLE][SERVER][INFO] Removing 1 Botania Mana Infusion Recipe(s) for <minecraft:gunpowder>
[AVAILABLE][SERVER][INFO] Attempting to remove mana infusion recipe for [<minecraft:flint>]
[AVAILABLE][SERVER][INFO] Removing 1 Botania Mana Infusion Recipe(s) for <minecraft:flint>
[AVAILABLE][SERVER][INFO] Attempting to remove mana infusion recipe for [<minecraft:ice>]
[AVAILABLE][SERVER][INFO] Removing 1 Botania Mana Infusion Recipe(s) for <minecraft:ice>
[AVAILABLE][SERVER][INFO] Attempting to remove mana infusion recipe for [<minecraft:nether_wart>]
[AVAILABLE][SERVER][INFO] Removing 1 Botania Mana Infusion Recipe(s) for <minecraft:nether_wart>
[AVAILABLE][SERVER][INFO] Attempting to remove mana infusion recipe for [<minecraft:slime_ball>]
[AVAILABLE][SERVER][INFO] Removing 1 Botania Mana Infusion Recipe(s) for <minecraft:slime_ball>
[AVAILABLE][SERVER][INFO] Attempting to remove mana infusion recipe for [<minecraft:cactus>]
[AVAILABLE][SERVER][INFO] Removing 1 Botania Mana Infusion Recipe(s) for <minecraft:cactus>
[AVAILABLE][SERVER][INFO] Attempting to remove mana infusion recipe for [<minecraft:netherrack>]
[AVAILABLE][SERVER][INFO] Removing 1 Botania Mana Infusion Recipe(s) for <minecraft:netherrack> * 2
[AVAILABLE][SERVER][INFO] Attempting to remove mana infusion recipe for [<minecraft:coal>]
[AVAILABLE][SERVER][INFO] Removing 1 Botania Mana Infusion Recipe(s) for <minecraft:coal> * 2
[AVAILABLE][SERVER][INFO] Attempting to remove mana infusion recipe for [<minecraft:quartz>]
[AVAILABLE][SERVER][INFO] Removing 2 Botania Mana Infusion Recipe(s) for <minecraft:quartz> * 4, <minecraft:quartz> * 2
[AVAILABLE][SERVER][INFO] Attempting to remove Pure Daisy recipe for [<minecraft:obsidian>]
[AVAILABLE][SERVER][INFO] Removing 1 Botania PureDaisy Recipe(s) for <minecraft:obsidian>
[AVAILABLE][SERVER][INFO] Attempting to remove Pure Daisy recipe for [<minecraft:cobblestone>]
[AVAILABLE][SERVER][INFO] Removing 1 Botania PureDaisy Recipe(s) for <minecraft:cobblestone>
[AVAILABLE][SERVER][INFO] Attempting to remove Pure Daisy recipe for [<minecraft:sand>]
[AVAILABLE][SERVER][INFO] Removing 1 Botania PureDaisy Recipe(s) for <minecraft:sand>
[AVAILABLE][SERVER][INFO] Altering InductionSmelter Recipe(s) for <actuallyadditions:item_dust> and <minecraft:redstone>
[AVAILABLE][SERVER][INFO] Altering InductionSmelter Recipe(s) for <minecraft:iron_ingot> and <minecraft:redstone>
[AVAILABLE][SERVER][INFO] Altering InductionSmelter Recipe(s) for <basemetals:copper_ingot> * 3 and <basemetals:zinc_ingot>
[AVAILABLE][SERVER][INFO] Altering InductionSmelter Recipe(s) for <basemetals:copper_powder> * 3 and <basemetals:zinc_ingot>
[AVAILABLE][SERVER][INFO] Altering InductionSmelter Recipe(s) for <basemetals:copper_ingot> * 3 and <basemetals:zinc_powder>
[AVAILABLE][SERVER][INFO] Altering InductionSmelter Recipe(s) for <basemetals:copper_powder> * 3 and <basemetals:zinc_powder>
[AVAILABLE][SERVER][INFO] Altering InductionSmelter Recipe(s) for <thermalfoundation:material:802> and <minecraft:iron_ingot>
[AVAILABLE][SERVER][INFO] Altering InductionSmelter Recipe(s) for <ic2:dust:2> * 4 and <minecraft:iron_ingot>
[AVAILABLE][SERVER][INFO] Altering InductionSmelter Recipe(s) for <basemetals:charcoal_powder> * 4 and <minecraft:iron_ingot>
[AVAILABLE][SERVER][INFO] Altering InductionSmelter Recipe(s) for <ic2:dust:2> * 4 and <actuallyadditions:item_dust>
[AVAILABLE][SERVER][INFO] Altering InductionSmelter Recipe(s) for <basemetals:charcoal_powder> * 4 and <actuallyadditions:item_dust>
[AVAILABLE][SERVER][INFO] Altering InductionSmelter Recipe(s) for <thermalfoundation:material:802> and <actuallyadditions:item_dust>
[AVAILABLE][SERVER][INFO] Altering InductionSmelter Recipe(s) for <jaopca:item_dustenergeticalloy> and <minecraft:ender_pearl>
[AVAILABLE][SERVER][INFO] Altering InductionSmelter Recipe(s) for <enderio:item_alloy_ingot:1> and <minecraft:ender_pearl>
[AVAILABLE][SERVER][INFO] Altering InductionSmelter Recipe(s) for <actuallyadditions:item_dust> and <minecraft:ender_pearl>
[AVAILABLE][SERVER][INFO] Altering InductionSmelter Recipe(s) for <minecraft:iron_ingot> and <minecraft:ender_pearl>
[AVAILABLE][SERVER][INFO] Altering InductionSmelter Recipe(s) for <actuallyadditions:item_dust:1> and <minecraft:soul_sand>
[AVAILABLE][SERVER][INFO] Altering InductionSmelter Recipe(s) for <minecraft:gold_ingot> and <minecraft:soul_sand>
[AVAILABLE][SERVER][INFO] Altering InductionSmelter Recipe(s) for <actuallyadditions:item_dust:1> and <ic2:ingot:4>
[AVAILABLE][SERVER][INFO] Altering InductionSmelter Recipe(s) for <minecraft:gold_ingot> and <ic2:dust:14>
[AVAILABLE][SERVER][INFO] Altering InductionSmelter Recipe(s) for <minecraft:gold_ingot> and <ic2:ingot:4>
[AVAILABLE][SERVER][INFO] Altering InductionSmelter Recipe(s) for <actuallyadditions:item_dust:1> and <ic2:dust:14>
[AVAILABLE][SERVER][INFO] Altering InductionSmelter Recipe(s) for <actuallyadditions:item_dust> * 2 and <basemetals:nickel_ingot>
[AVAILABLE][SERVER][INFO] Altering InductionSmelter Recipe(s) for <minecraft:iron_ingot> * 2 and <basemetals:nickel_powder>
[AVAILABLE][SERVER][INFO] Altering InductionSmelter Recipe(s) for <minecraft:iron_ingot> * 2 and <basemetals:nickel_ingot>
[AVAILABLE][SERVER][INFO] Altering InductionSmelter Recipe(s) for <actuallyadditions:item_dust> * 2 and <basemetals:nickel_powder>
[AVAILABLE][SERVER][INFO] Altering InductionSmelter Recipe(s) for <basemetals:copper_ingot> * 3 and <basemetals:tin_ingot>
[AVAILABLE][SERVER][INFO] Altering InductionSmelter Recipe(s) for <basemetals:copper_powder> * 3 and <basemetals:tin_ingot>
[AVAILABLE][SERVER][INFO] Altering InductionSmelter Recipe(s) for <basemetals:copper_ingot> * 3 and <basemetals:tin_powder>
[AVAILABLE][SERVER][INFO] Altering InductionSmelter Recipe(s) for <basemetals:copper_powder> * 3 and <basemetals:tin_powder>
[AVAILABLE][SERVER][INFO] Altering InductionSmelter Recipe(s) for <basemetals:copper_ingot> and <basemetals:nickel_powder>
[AVAILABLE][SERVER][INFO] Altering InductionSmelter Recipe(s) for <basemetals:copper_ingot> and <basemetals:nickel_ingot>
[AVAILABLE][SERVER][INFO] Altering InductionSmelter Recipe(s) for <basemetals:copper_powder> and <basemetals:nickel_ingot>
[AVAILABLE][SERVER][INFO] Altering InductionSmelter Recipe(s) for <basemetals:copper_powder> and <basemetals:nickel_powder>
[AVAILABLE][SERVER][INFO] Altering InductionSmelter Recipe(s) for <basemetals:steel_ingot> and <basemetals:obsidian_powder> * 4
[AVAILABLE][SERVER][INFO] Altering InductionSmelter Recipe(s) for <basemetals:steel_powder> and <basemetals:obsidian_powder> * 4
[AVAILABLE][SERVER][INFO] Altering Transposer Fill Recipe(s) for <minecraft:diamond>
[AVAILABLE][SERVER][INFO] Altering Transposer Fill Recipe(s) for <thermalfoundation:material:97>
[AVAILABLE][SERVER][INFO] Adding 1 Atomic Reconstructor Recipe(s) for <astralsorcery:blockcollectorcrystal>.withTag({astralsorcery: {constellationName: "astralsorcery.constellation.discidia", crystalProperties: {collectiveCapability: 100, size: 400, purity: 100}, collectorType: 0}})
[AVAILABLE][SERVER][INFO] Removing 0 Atomic Reconstructor Recipe(s) for Unknown item
[AVAILABLE][SERVER][INFO] Removing 0 Atomic Reconstructor Recipe(s) for Unknown item
[AVAILABLE][SERVER][INFO] Removing 0 Atomic Reconstructor Recipe(s) for Unknown item
[AVAILABLE][SERVER][INFO] Hiding item in JEI: <actuallyadditions:item_mining_lens>
[AVAILABLE][SERVER][INFO] Hiding item in JEI: <botania:felpumpkin>
[AVAILABLE][SERVER][INFO] Hiding item in JEI: <botania:fertilizer>
[AVAILABLE][SERVER][INFO] Hiding item in JEI: <techreborn:alloy_smelter>
[AVAILABLE][SERVER][INFO] Hiding item in JEI: <techreborn:iron_alloy_furnace>
[AVAILABLE][SERVER][INFO] Hiding item in JEI: <techreborn:industrial_blast_furnace>
[AVAILABLE][SERVER][INFO] Hiding item in JEI: <immersiveengineering:stone_decoration:10>
[AVAILABLE][SERVER][INFO] Hiding item in JEI: <immersiveengineering:stone_decoration:1>
[AVAILABLE][SERVER][INFO] Hiding item in JEI: <immersiveengineering:stone_decoration:2>
[AVAILABLE][SERVER][INFO] Hiding item in JEI: <immersiveengineering:metal_device1>
[AVAILABLE][SERVER][INFO] Hiding item in JEI: <mekanism:machineblock:1>
[AVAILABLE][SERVER][INFO] Hiding item in JEI: <mysticalagriculture:tier1_inferium_seeds>
[AVAILABLE][SERVER][INFO] Hiding item in JEI: <mysticalagriculture:tier2_inferium_seeds>
[AVAILABLE][SERVER][INFO] Hiding item in JEI: <mysticalagriculture:tier3_inferium_seeds>
[AVAILABLE][SERVER][INFO] Hiding item in JEI: <mysticalagriculture:tier4_inferium_seeds>
[AVAILABLE][SERVER][INFO] Hiding item in JEI: <mysticalagriculture:tier5_inferium_seeds>
[AVAILABLE][SERVER][INFO] Hiding item in JEI: <mysticalagradditions:tier6_inferium_seeds>
[AVAILABLE][SERVER][INFO] Hiding item in JEI: <harvestcraft:shippingbin>
[AVAILABLE][SERVER][INFO] Hiding item in JEI: <basemetals:coal_nugget>
[AVAILABLE][SERVER][INFO] Hiding item in JEI: <basemetals:charcoal_nugget>
[AVAILABLE][SERVER][INFO] Hiding item in JEI: <harvestcraft:well>
[AVAILABLE][SERVER][INFO] Hiding item in JEI: <embers:ember_bore>
